[debug] [2021-02-18T07:03:47.266Z] ----------------------------------------------------------------------
[debug] [2021-02-18T07:03:47.268Z] Command:       C:\Program Files\nodejs\node.exe C:\Program Files\nodejs\node_modules\firebase-tools\lib\bin\firebase.js init
[debug] [2021-02-18T07:03:47.269Z] CLI Version:   9.4.0
[debug] [2021-02-18T07:03:47.269Z] Platform:      win32
[debug] [2021-02-18T07:03:47.269Z] Node Version:  v12.18.3
[debug] [2021-02-18T07:03:47.275Z] Time:          Thu Feb 18 2021 16:03:47 GMT+0900 (GMT+09:00)
[debug] [2021-02-18T07:03:47.275Z] ----------------------------------------------------------------------
[debug] [2021-02-18T07:03:47.275Z] 
[debug] [2021-02-18T07:03:47.277Z] >>> [apiv2][query] GET https://firebase-public.firebaseio.com/cli.json [none]
[debug] [2021-02-18T07:03:47.293Z] > command requires scopes: ["email","openid","https://www.googleapis.com/auth/cloudplatformprojects.readonly","https://www.googleapis.com/auth/firebase","https://www.googleapis.com/auth/cloud-platform"]
[debug] [2021-02-18T07:03:47.294Z] > authorizing via signed-in user
[info] 
     ######## #### ########  ######## ########     ###     ######  ########
     ##        ##  ##     ## ##       ##     ##  ##   ##  ##       ##
     ######    ##  ########  ######   ########  #########  ######  ######
     ##        ##  ##    ##  ##       ##     ## ##     ##       ## ##
     ##       #### ##     ## ######## ########  ##     ##  ######  ########

You're about to initialize a Firebase project in this directory:

  C:\projects\coupon-web-svelte

Before we get started, keep in mind:

  * You are currently outside your home directory

[debug] [2021-02-18T07:03:47.890Z] <<< [apiv2][status] GET https://firebase-public.firebaseio.com/cli.json 200
[debug] [2021-02-18T07:03:47.890Z] <<< [apiv2][body] GET https://firebase-public.firebaseio.com/cli.json {"cloudBuildErrorAfter":1594252800000,"cloudBuildWarnAfter":1590019200000,"defaultNode10After":1594252800000,"minVersion":"3.0.5","node8DeploysDisabledAfter":1613390400000,"node8RuntimeDisabledAfter":1615809600000,"node8WarnAfter":1600128000000}
